{
  "RSpec": {
    "coverage": {
      "/home/th0t/ass_test/rectangle.rb": {
        "lines": [
          1,
          1,
          9,
          9,
          null,
          9,
          9,
          9,
          null,
          9,
          9,
          null,
          9,
          null,
          null,
          null,
          null,
          null,
          null,
          1,
          9,
          null,
          9,
          null,
          null,
          null,
          9,
          15,
          9,
          6,
          3,
          null,
          3,
          null,
          null,
          9,
          null,
          null,
          1,
          null,
          0,
          null,
          0,
          0,
          null,
          null,
          null,
          1,
          null,
          1,
          15,
          null,
          null,
          1,
          null,
          6,
          null,
          null,
          1,
          null,
          null,
          9,
          9,
          9,
          9,
          null,
          null,
          1,
          null,
          3,
          3,
          3,
          3,
          null,
          null,
          1,
          null,
          3,
          3,
          1,
          1,
          null,
          2,
          2,
          null,
          3,
          null,
          null,
          1,
          null,
          0,
          0,
          0,
          0,
          0,
          0,
          0,
          0,
          0,
          0,
          0,
          0,
          0,
          0,
          0,
          0,
          0,
          0,
          0,
          0,
          0,
          0,
          0,
          0,
          0,
          0,
          0,
          null,
          null,
          null,
          null
        ]
      }
    },
    "timestamp": 1592844822
  }
}
